[MainWindow]
Width=[RESX]
Height=[RESY]
NumberOfImages=15
NumberOfConfigs=15
MaxNumberOfImages=15
MaxNumberOfConfigs=15
[Image01]
Top=19
Left=14
Width=236
Height=177
[Label01]
Top=198
Left=14
Width=236
Height=24
[Image02]
Top=19
Left=268
Width=236
Height=177
[Label02]
Top=198
Left=268
Width=236
Height=24
[Image03]
Top=19
Left=520
Width=236
Height=177
[Label03]
Top=198
Left=520
Width=236
Height=24
[Image04]
Top=19
Left=774
Width=236
Height=177
[Label04]
Top=198
Left=774
Width=236
Height=24
[Image05]
Top=223
Left=14
Width=236
Height=177
[Label05]
Top=402
Left=14
Width=236
Height=24
[Image06]
Top=223
Left=268
Width=236
Height=177
[Label06]
Top=402
Left=268
Width=236
Height=24
[Image07]
Top=223
Left=520
Width=236
Height=177
[Label07]
Top=402
Left=520
Width=236
Height=24
[Image08]
Top=223
Left=774
Width=236
Height=177
[Label08]
Top=402
Left=774
Width=236
Height=24
[Image09]
Top=428
Left=14
Width=236
Height=177
[Label09]
Top=605
Left=14
Width=236
Height=24
[Image10]
Top=428
Left=268
Width=236
Height=177
[Label10]
Top=605
Left=268
Width=236
Height=24
[Image11]
Top=428
Left=520
Width=236
Height=177
[Label11]
Top=605
Left=520
Width=236
Height=24
[Image12]
Top=428
Left=774
Width=236
Height=177
[Label12]
Top=605
Left=774
Width=236
Height=24
[Image13]
Top=428
Left=829
Width=236
Height=177
[Label13]
Top=605
Left=774
Width=236
Height=24
[Image14]
Top=428
Left=1100
Width=236
Height=177
[Label14]
Top=605
Left=774
Width=236
Height=24
[Image15]
Top=240
Left=1100
Width=236
Height=177
[Label15]
Top=240
Left=1100
Width=236
Height=24
[ConfigImage01]
Top=736
Left=3
Width=100
Height=29
[ConfigImage02]
Top=736
Left=105
Width=100
Height=29
[ConfigImage03]
Top=736
Left=207
Width=100
Height=29
[ConfigImage04]
Top=736
Left=309
Width=100
Height=29
[ConfigImage05]
Top=736
Left=411
Width=100
Height=29
[ConfigImage06]
Top=736
Left=513
Width=100
Height=29
[ConfigImage07]
Top=736
Left=615
Width=100
Height=29
[ConfigImage08]
Top=736
Left=717
Width=100
Height=29
[ConfigImage09]
Top=736
Left=819
Width=100
Height=29
[ConfigImage10]
Top=736
Left=921
Width=100
Height=29
[PageLabel]
Top=695
Left=26
Width=111
Height=24
[BackwardImage]
Top=637
Left=298
Width=140
Height=90
[ForwardImage]
Top=637
Left=586
Width=140
Height=90
[PowerOffImage]
Top=649
Left=934
Width=79
Height=79
[PageImage]
Top=654
Left=486
Width=50
Height=50
[DisplayFont]
Font Name=Tahoma
Font Size=10
Font Color=12632256
Font Bold=1
Font Italic=0
Font Underline=0
Font StrikeOut=0
[ConfigBackgroundImage]
Use=0
[ConfigLabel01]
Top=744
Left=14
Width=80
Height=16
[ConfigLabel02]
Top=744
Left=116
Width=80
Height=16
[ConfigLabel03]
Top=744
Left=218
Width=80
Height=16
[ConfigLabel04]
Top=744
Left=320
Width=80
Height=16
[ConfigLabel05]
Top=744
Left=422
Width=80
Height=16
[ConfigLabel06]
Top=744
Left=524
Width=80
Height=16
[ConfigLabel07]
Top=744
Left=626
Width=80
Height=16
[ConfigLabel08]
Top=744
Left=728
Width=80
Height=16
[ConfigLabel09]
Top=744
Left=830
Width=80
Height=16
[ConfigLabel10]
Top=744
Left=931
Width=80
Height=16
[ConfigDisplayFont]
Font Name=Tahoma
Font Size=10
Font Color=16776960
Font Bold=0
Font Italic=0
Font Underline=0
Font StrikeOut=0
[Mp3InfoLabel]
Top=712
Left=151
Width=722
Height=24
[NextMp3Image]
Top=100
Left=100
Width=100
Height=100
[PageNoDisplayFont]
Font Name=Times New Roman
Font Size=14
Font Color=16776960
Font Bold=0
Font Italic=0
Font Underline=0
Font StrikeOut=0
[Mp3DisplayFont]
Font Name=Times New Roman
Font Size=14
Font Color=65535
Font Bold=0
Font Italic=0
Font Underline=0
Font StrikeOut=0
[ConfigBackwardImage]
Top=0
Left=0
Width=0
Height=0
[ConfigAnimation]
Enable=1
Delay=250
Kind=1
